<?xml version="1.0" encoding="UTF-8"?>
<!-- Generated by org.testng.reporters.JUnitReportReporter -->
<testsuite hostname="IP-C6136007" name="workdrivetest.NewTest" tests="1" failures="0" timestamp="16 Nov 2016 14:31:23 GMT" time="0.022" errors="0">
  <testcase name="f" time="0.022" classname="workdrivetest.NewTest"/>
</testsuite> <!-- workdrivetest.NewTest -->
