<?xml version="1.0" encoding="UTF-8"?>
<!-- Generated by org.testng.reporters.JUnitReportReporter -->
<testsuite hostname="IP-C6136007" name="example.tescoba" tests="1" failures="0" timestamp="18 Nov 2016 02:27:33 GMT" time="3.699" errors="0">
  <testcase name="f" time="3.699" classname="example.tescoba"/>
</testsuite> <!-- example.tescoba -->
