<?xml version="1.0" encoding="UTF-8"?>
<!-- Generated by org.testng.reporters.JUnitReportReporter -->
<testsuite hostname="IP-C6136007" name="example.NewTest" tests="1" failures="0" timestamp="16 Nov 2016 14:31:23 GMT" time="2.854" errors="0">
  <testcase name="f" time="2.854" classname="example.NewTest"/>
</testsuite> <!-- example.NewTest -->
